build/app/intermediates/manifest_merge_blame_file/debug/processDebugMainManifest/manifest-merger-blame-debug-report.txt
1<?xml version="1.0" encoding="utf-8"?>
2<manifest xmlns:android="http://schemas.android.com/apk/res/android"
3    package="com.example.flutter_application_1"
4    android:versionCode="1"
5    android:versionName="1.0.0" >
6
7    <uses-sdk
8        android:minSdkVersion="21"
9        android:targetSdkVersion="35" />
10    <!--
11         The INTERNET permission is required for development. Specifically,
12         the Flutter tool needs it to communicate with the running application
13         to allow setting breakpoints, to provide hot reload, etc.
14    -->
15    <uses-permission android:name="android.permission.INTERNET" />
15-->src\main\AndroidManifest.xml:8:5-67
15-->src\main\AndroidManifest.xml:8:22-64
16    <uses-permission android:name="android.permission.READ_MEDIA_IMAGES" />
16-->src\main\AndroidManifest.xml:3:5-76
16-->src\main\AndroidManifest.xml:3:22-73
17    <uses-permission android:name="android.permission.READ_MEDIA_VIDEO" />
17-->src\main\AndroidManifest.xml:4:5-75
17-->src\main\AndroidManifest.xml:4:22-72
18    <uses-permission android:name="android.permission.READ_MEDIA_VISUAL_USER_SELECTED" />
18-->src\main\AndroidManifest.xml:5:5-119
18-->src\main\AndroidManifest.xml:5:22-87
19    <uses-permission
19-->src\main\AndroidManifest.xml:6:5-106
20        android:name="android.permission.READ_EXTERNAL_STORAGE"
20-->src\main\AndroidManifest.xml:6:22-77
21        android:maxSdkVersion="32" />
21-->src\main\AndroidManifest.xml:6:78-104
22    <uses-permission
22-->src\main\AndroidManifest.xml:7:5-107
23        android:name="android.permission.WRITE_EXTERNAL_STORAGE"
23-->src\main\AndroidManifest.xml:7:22-78
24        android:maxSdkVersion="29" />
24-->src\main\AndroidManifest.xml:7:79-105
25
26    <queries>
26-->src\main\AndroidManifest.xml:37:5-42:15
27        <intent>
27-->src\main\AndroidManifest.xml:38:9-41:18
28            <action android:name="android.intent.action.PROCESS_TEXT" />
28-->src\main\AndroidManifest.xml:39:13-72
28-->src\main\AndroidManifest.xml:39:21-70
29
30            <data android:mimeType="text/plain" />
30-->src\main\AndroidManifest.xml:40:13-50
30-->src\main\AndroidManifest.xml:40:19-48
31        </intent>
32        <intent>
32-->[:file_picker] AndroidManifest.xml:12:9-16:18
33            <action android:name="android.intent.action.GET_CONTENT" />
33-->[:file_picker] AndroidManifest.xml:13:13-72
33-->[:file_picker] AndroidManifest.xml:13:21-69
34
35            <data android:mimeType="*/*" />
35-->src\main\AndroidManifest.xml:40:13-50
35-->src\main\AndroidManifest.xml:40:19-48
36        </intent>
37    </queries>
38
39    <uses-permission android:name="android.permission.VIBRATE" />
39-->[:flutter_local_notifications] AndroidManifest.xml:7:5-66
39-->[:flutter_local_notifications] AndroidManifest.xml:7:22-63
40    <uses-permission android:name="android.permission.POST_NOTIFICATIONS" />
40-->[:flutter_local_notifications] AndroidManifest.xml:8:5-77
40-->[:flutter_local_notifications] AndroidManifest.xml:8:22-74
41
42    <permission
42-->[androidx.core:core:1.13.1] AndroidManifest.xml:22:5-24:47
43        android:name="com.example.flutter_application_1.DYNAMIC_RECEIVER_NOT_EXPORTED_PERMISSION"
43-->[androidx.core:core:1.13.1] AndroidManifest.xml:23:9-81
44        android:protectionLevel="signature" />
44-->[androidx.core:core:1.13.1] AndroidManifest.xml:24:9-44
45
46    <uses-permission android:name="com.example.flutter_application_1.DYNAMIC_RECEIVER_NOT_EXPORTED_PERMISSION" />
46-->[androidx.core:core:1.13.1] AndroidManifest.xml:26:5-97
46-->[androidx.core:core:1.13.1] AndroidManifest.xml:26:22-94
47
48    <application
49        android:name="android.app.Application"
50        android:appComponentFactory="androidx.core.app.CoreComponentFactory"
50-->[androidx.core:core:1.13.1] AndroidManifest.xml:28:18-86
51        android:debuggable="true"
52        android:extractNativeLibs="true"
53        android:icon="@mipmap/ic_launcher"
54        android:label="flutter_application_1" >
55        <activity
56            android:name="com.example.flutter_application_1.MainActivity"
57            android:configChanges="orientation|keyboardHidden|keyboard|screenSize|smallestScreenSize|locale|layoutDirection|fontScale|screenLayout|density|uiMode"
58            android:exported="true"
59            android:hardwareAccelerated="true"
60            android:launchMode="singleTop"
61            android:taskAffinity=""
62            android:theme="@style/LaunchTheme"
63            android:windowSoftInputMode="adjustResize" >
64            <meta-data
65                android:name="io.flutter.embedding.android.NormalTheme"
66                android:resource="@style/NormalTheme" />
67
68            <intent-filter>
69                <action android:name="android.intent.action.MAIN" />
70
71                <category android:name="android.intent.category.LAUNCHER" />
72            </intent-filter>
73        </activity>
74
75        <meta-data
76            android:name="flutterEmbedding"
77            android:value="2" />
78
79        <provider
79-->[:image_picker_android] AndroidManifest.xml:9:9-17:20
80            android:name="io.flutter.plugins.imagepicker.ImagePickerFileProvider"
80-->[:image_picker_android] AndroidManifest.xml:10:13-82
81            android:authorities="com.example.flutter_application_1.flutter.image_provider"
81-->[:image_picker_android] AndroidManifest.xml:11:13-74
82            android:exported="false"
82-->[:image_picker_android] AndroidManifest.xml:12:13-37
83            android:grantUriPermissions="true" >
83-->[:image_picker_android] AndroidManifest.xml:13:13-47
84            <meta-data
84-->[:image_picker_android] AndroidManifest.xml:14:13-16:75
85                android:name="android.support.FILE_PROVIDER_PATHS"
85-->[:image_picker_android] AndroidManifest.xml:15:17-67
86                android:resource="@xml/flutter_image_picker_file_paths" />
86-->[:image_picker_android] AndroidManifest.xml:16:17-72
87        </provider> <!-- Trigger Google Play services to install the backported photo picker module. -->
88        <service
88-->[:image_picker_android] AndroidManifest.xml:19:9-31:19
89            android:name="com.google.android.gms.metadata.ModuleDependencies"
89-->[:image_picker_android] AndroidManifest.xml:20:13-78
90            android:enabled="false"
90-->[:image_picker_android] AndroidManifest.xml:21:13-36
91            android:exported="false" >
91-->[:image_picker_android] AndroidManifest.xml:22:13-37
92            <intent-filter>
92-->[:image_picker_android] AndroidManifest.xml:24:13-26:29
93                <action android:name="com.google.android.gms.metadata.MODULE_DEPENDENCIES" />
93-->[:image_picker_android] AndroidManifest.xml:25:17-94
93-->[:image_picker_android] AndroidManifest.xml:25:25-91
94            </intent-filter>
95
96            <meta-data
96-->[:image_picker_android] AndroidManifest.xml:28:13-30:36
97                android:name="photopicker_activity:0:required"
97-->[:image_picker_android] AndroidManifest.xml:29:17-63
98                android:value="" />
98-->[:image_picker_android] AndroidManifest.xml:30:17-33
99        </service>
100
101        <uses-library
101-->[androidx.window:window:1.2.0] AndroidManifest.xml:23:9-25:40
102            android:name="androidx.window.extensions"
102-->[androidx.window:window:1.2.0] AndroidManifest.xml:24:13-54
103            android:required="false" />
103-->[androidx.window:window:1.2.0] AndroidManifest.xml:25:13-37
104        <uses-library
104-->[androidx.window:window:1.2.0] AndroidManifest.xml:26:9-28:40
105            android:name="androidx.window.sidecar"
105-->[androidx.window:window:1.2.0] AndroidManifest.xml:27:13-51
106            android:required="false" />
106-->[androidx.window:window:1.2.0] AndroidManifest.xml:28:13-37
107
108        <provider
108-->[androidx.lifecycle:lifecycle-process:2.7.0] AndroidManifest.xml:24:9-32:20
109            android:name="androidx.startup.InitializationProvider"
109-->[androidx.lifecycle:lifecycle-process:2.7.0] AndroidManifest.xml:25:13-67
110            android:authorities="com.example.flutter_application_1.androidx-startup"
110-->[androidx.lifecycle:lifecycle-process:2.7.0] AndroidManifest.xml:26:13-68
111            android:exported="false" >
111-->[androidx.lifecycle:lifecycle-process:2.7.0] AndroidManifest.xml:27:13-37
112            <meta-data
112-->[androidx.lifecycle:lifecycle-process:2.7.0] AndroidManifest.xml:29:13-31:52
113                android:name="androidx.lifecycle.ProcessLifecycleInitializer"
113-->[androidx.lifecycle:lifecycle-process:2.7.0] AndroidManifest.xml:30:17-78
114                android:value="androidx.startup" />
114-->[androidx.lifecycle:lifecycle-process:2.7.0] AndroidManifest.xml:31:17-49
115            <meta-data
115-->[androidx.profileinstaller:profileinstaller:1.4.0] AndroidManifest.xml:29:13-31:52
116                android:name="androidx.profileinstaller.ProfileInstallerInitializer"
116-->[androidx.profileinstaller:profileinstaller:1.4.0] AndroidManifest.xml:30:17-85
117                android:value="androidx.startup" />
117-->[androidx.profileinstaller:profileinstaller:1.4.0] AndroidManifest.xml:31:17-49
118        </provider>
119
120        <receiver
120-->[androidx.profileinstaller:profileinstaller:1.4.0] AndroidManifest.xml:34:9-52:20
121            android:name="androidx.profileinstaller.ProfileInstallReceiver"
121-->[androidx.profileinstaller:profileinstaller:1.4.0] AndroidManifest.xml:35:13-76
122            android:directBootAware="false"
122-->[androidx.profileinstaller:profileinstaller:1.4.0] AndroidManifest.xml:36:13-44
123            android:enabled="true"
123-->[androidx.profileinstaller:profileinstaller:1.4.0] AndroidManifest.xml:37:13-35
124            android:exported="true"
124-->[androidx.profileinstaller:profileinstaller:1.4.0] AndroidManifest.xml:38:13-36
125            android:permission="android.permission.DUMP" >
125-->[androidx.profileinstaller:profileinstaller:1.4.0] AndroidManifest.xml:39:13-57
126            <intent-filter>
126-->[androidx.profileinstaller:profileinstaller:1.4.0] AndroidManifest.xml:40:13-42:29
127                <action android:name="androidx.profileinstaller.action.INSTALL_PROFILE" />
127-->[androidx.profileinstaller:profileinstaller:1.4.0] AndroidManifest.xml:41:17-91
127-->[androidx.profileinstaller:profileinstaller:1.4.0] AndroidManifest.xml:41:25-88
128            </intent-filter>
129            <intent-filter>
129-->[androidx.profileinstaller:profileinstaller:1.4.0] AndroidManifest.xml:43:13-45:29
130                <action android:name="androidx.profileinstaller.action.SKIP_FILE" />
130-->[androidx.profileinstaller:profileinstaller:1.4.0] AndroidManifest.xml:44:17-85
130-->[androidx.profileinstaller:profileinstaller:1.4.0] AndroidManifest.xml:44:25-82
131            </intent-filter>
132            <intent-filter>
132-->[androidx.profileinstaller:profileinstaller:1.4.0] AndroidManifest.xml:46:13-48:29
133                <action android:name="androidx.profileinstaller.action.SAVE_PROFILE" />
133-->[androidx.profileinstaller:profileinstaller:1.4.0] AndroidManifest.xml:47:17-88
133-->[androidx.profileinstaller:profileinstaller:1.4.0] AndroidManifest.xml:47:25-85
134            </intent-filter>
135            <intent-filter>
135-->[androidx.profileinstaller:profileinstaller:1.4.0] AndroidManifest.xml:49:13-51:29
136                <action android:name="androidx.profileinstaller.action.BENCHMARK_OPERATION" />
136-->[androidx.profileinstaller:profileinstaller:1.4.0] AndroidManifest.xml:50:17-95
136-->[androidx.profileinstaller:profileinstaller:1.4.0] AndroidManifest.xml:50:25-92
137            </intent-filter>
138        </receiver>
139    </application>
140
141</manifest>